[2023-09-05 08:00:32,915] {processor.py:153} INFO - Started process (PID=79) to work on /home/airflow/.local/lib/python3.7/site-packages/airflow/example_dags/plugins/workday.py
[2023-09-05 08:00:32,916] {processor.py:641} INFO - Processing file /home/airflow/.local/lib/python3.7/site-packages/airflow/example_dags/plugins/workday.py for tasks to queue
[2023-09-05 08:00:32,917] {logging_mixin.py:115} INFO - [2023-09-05 08:00:32,916] {dagbag.py:507} INFO - Filling up the DagBag from /home/airflow/.local/lib/python3.7/site-packages/airflow/example_dags/plugins/workday.py
[2023-09-05 08:00:32,919] {processor.py:653} WARNING - No viable dags retrieved from /home/airflow/.local/lib/python3.7/site-packages/airflow/example_dags/plugins/workday.py
[2023-09-05 08:00:32,934] {processor.py:161} INFO - Processing /home/airflow/.local/lib/python3.7/site-packages/airflow/example_dags/plugins/workday.py took 0.022 seconds
[2023-09-05 08:01:03,220] {processor.py:153} INFO - Started process (PID=133) to work on /home/airflow/.local/lib/python3.7/site-packages/airflow/example_dags/plugins/workday.py
[2023-09-05 08:01:03,222] {processor.py:641} INFO - Processing file /home/airflow/.local/lib/python3.7/site-packages/airflow/example_dags/plugins/workday.py for tasks to queue
[2023-09-05 08:01:03,222] {logging_mixin.py:115} INFO - [2023-09-05 08:01:03,222] {dagbag.py:507} INFO - Filling up the DagBag from /home/airflow/.local/lib/python3.7/site-packages/airflow/example_dags/plugins/workday.py
[2023-09-05 08:01:03,224] {processor.py:653} WARNING - No viable dags retrieved from /home/airflow/.local/lib/python3.7/site-packages/airflow/example_dags/plugins/workday.py
[2023-09-05 08:01:03,242] {processor.py:161} INFO - Processing /home/airflow/.local/lib/python3.7/site-packages/airflow/example_dags/plugins/workday.py took 0.024 seconds
[2023-09-05 08:01:33,767] {processor.py:153} INFO - Started process (PID=197) to work on /home/airflow/.local/lib/python3.7/site-packages/airflow/example_dags/plugins/workday.py
[2023-09-05 08:01:33,768] {processor.py:641} INFO - Processing file /home/airflow/.local/lib/python3.7/site-packages/airflow/example_dags/plugins/workday.py for tasks to queue
[2023-09-05 08:01:33,769] {logging_mixin.py:115} INFO - [2023-09-05 08:01:33,769] {dagbag.py:507} INFO - Filling up the DagBag from /home/airflow/.local/lib/python3.7/site-packages/airflow/example_dags/plugins/workday.py
[2023-09-05 08:01:33,773] {processor.py:653} WARNING - No viable dags retrieved from /home/airflow/.local/lib/python3.7/site-packages/airflow/example_dags/plugins/workday.py
[2023-09-05 08:01:33,790] {processor.py:161} INFO - Processing /home/airflow/.local/lib/python3.7/site-packages/airflow/example_dags/plugins/workday.py took 0.027 seconds
[2023-09-05 08:02:04,157] {processor.py:153} INFO - Started process (PID=260) to work on /home/airflow/.local/lib/python3.7/site-packages/airflow/example_dags/plugins/workday.py
[2023-09-05 08:02:04,158] {processor.py:641} INFO - Processing file /home/airflow/.local/lib/python3.7/site-packages/airflow/example_dags/plugins/workday.py for tasks to queue
[2023-09-05 08:02:04,159] {logging_mixin.py:115} INFO - [2023-09-05 08:02:04,159] {dagbag.py:507} INFO - Filling up the DagBag from /home/airflow/.local/lib/python3.7/site-packages/airflow/example_dags/plugins/workday.py
[2023-09-05 08:02:04,161] {processor.py:653} WARNING - No viable dags retrieved from /home/airflow/.local/lib/python3.7/site-packages/airflow/example_dags/plugins/workday.py
[2023-09-05 08:02:04,179] {processor.py:161} INFO - Processing /home/airflow/.local/lib/python3.7/site-packages/airflow/example_dags/plugins/workday.py took 0.027 seconds
[2023-09-05 08:02:34,402] {processor.py:153} INFO - Started process (PID=323) to work on /home/airflow/.local/lib/python3.7/site-packages/airflow/example_dags/plugins/workday.py
[2023-09-05 08:02:34,404] {processor.py:641} INFO - Processing file /home/airflow/.local/lib/python3.7/site-packages/airflow/example_dags/plugins/workday.py for tasks to queue
[2023-09-05 08:02:34,405] {logging_mixin.py:115} INFO - [2023-09-05 08:02:34,405] {dagbag.py:507} INFO - Filling up the DagBag from /home/airflow/.local/lib/python3.7/site-packages/airflow/example_dags/plugins/workday.py
[2023-09-05 08:02:34,408] {processor.py:653} WARNING - No viable dags retrieved from /home/airflow/.local/lib/python3.7/site-packages/airflow/example_dags/plugins/workday.py
[2023-09-05 08:02:34,425] {processor.py:161} INFO - Processing /home/airflow/.local/lib/python3.7/site-packages/airflow/example_dags/plugins/workday.py took 0.026 seconds
[2023-09-05 08:03:04,646] {processor.py:153} INFO - Started process (PID=386) to work on /home/airflow/.local/lib/python3.7/site-packages/airflow/example_dags/plugins/workday.py
[2023-09-05 08:03:04,647] {processor.py:641} INFO - Processing file /home/airflow/.local/lib/python3.7/site-packages/airflow/example_dags/plugins/workday.py for tasks to queue
[2023-09-05 08:03:04,648] {logging_mixin.py:115} INFO - [2023-09-05 08:03:04,648] {dagbag.py:507} INFO - Filling up the DagBag from /home/airflow/.local/lib/python3.7/site-packages/airflow/example_dags/plugins/workday.py
[2023-09-05 08:03:04,650] {processor.py:653} WARNING - No viable dags retrieved from /home/airflow/.local/lib/python3.7/site-packages/airflow/example_dags/plugins/workday.py
[2023-09-05 08:03:04,666] {processor.py:161} INFO - Processing /home/airflow/.local/lib/python3.7/site-packages/airflow/example_dags/plugins/workday.py took 0.023 seconds
[2023-09-05 08:03:35,088] {processor.py:153} INFO - Started process (PID=449) to work on /home/airflow/.local/lib/python3.7/site-packages/airflow/example_dags/plugins/workday.py
[2023-09-05 08:03:35,089] {processor.py:641} INFO - Processing file /home/airflow/.local/lib/python3.7/site-packages/airflow/example_dags/plugins/workday.py for tasks to queue
[2023-09-05 08:03:35,090] {logging_mixin.py:115} INFO - [2023-09-05 08:03:35,090] {dagbag.py:507} INFO - Filling up the DagBag from /home/airflow/.local/lib/python3.7/site-packages/airflow/example_dags/plugins/workday.py
[2023-09-05 08:03:35,092] {processor.py:653} WARNING - No viable dags retrieved from /home/airflow/.local/lib/python3.7/site-packages/airflow/example_dags/plugins/workday.py
[2023-09-05 08:03:35,123] {processor.py:161} INFO - Processing /home/airflow/.local/lib/python3.7/site-packages/airflow/example_dags/plugins/workday.py took 0.037 seconds
[2023-09-05 08:04:05,788] {processor.py:153} INFO - Started process (PID=503) to work on /home/airflow/.local/lib/python3.7/site-packages/airflow/example_dags/plugins/workday.py
[2023-09-05 08:04:05,789] {processor.py:641} INFO - Processing file /home/airflow/.local/lib/python3.7/site-packages/airflow/example_dags/plugins/workday.py for tasks to queue
[2023-09-05 08:04:05,790] {logging_mixin.py:115} INFO - [2023-09-05 08:04:05,790] {dagbag.py:507} INFO - Filling up the DagBag from /home/airflow/.local/lib/python3.7/site-packages/airflow/example_dags/plugins/workday.py
[2023-09-05 08:04:05,792] {processor.py:653} WARNING - No viable dags retrieved from /home/airflow/.local/lib/python3.7/site-packages/airflow/example_dags/plugins/workday.py
[2023-09-05 08:04:05,809] {processor.py:161} INFO - Processing /home/airflow/.local/lib/python3.7/site-packages/airflow/example_dags/plugins/workday.py took 0.024 seconds
[2023-09-05 08:04:36,040] {processor.py:153} INFO - Started process (PID=566) to work on /home/airflow/.local/lib/python3.7/site-packages/airflow/example_dags/plugins/workday.py
[2023-09-05 08:04:36,041] {processor.py:641} INFO - Processing file /home/airflow/.local/lib/python3.7/site-packages/airflow/example_dags/plugins/workday.py for tasks to queue
[2023-09-05 08:04:36,042] {logging_mixin.py:115} INFO - [2023-09-05 08:04:36,042] {dagbag.py:507} INFO - Filling up the DagBag from /home/airflow/.local/lib/python3.7/site-packages/airflow/example_dags/plugins/workday.py
[2023-09-05 08:04:36,044] {processor.py:653} WARNING - No viable dags retrieved from /home/airflow/.local/lib/python3.7/site-packages/airflow/example_dags/plugins/workday.py
[2023-09-05 08:04:36,062] {processor.py:161} INFO - Processing /home/airflow/.local/lib/python3.7/site-packages/airflow/example_dags/plugins/workday.py took 0.025 seconds
[2023-09-05 08:05:06,176] {processor.py:153} INFO - Started process (PID=629) to work on /home/airflow/.local/lib/python3.7/site-packages/airflow/example_dags/plugins/workday.py
[2023-09-05 08:05:06,177] {processor.py:641} INFO - Processing file /home/airflow/.local/lib/python3.7/site-packages/airflow/example_dags/plugins/workday.py for tasks to queue
[2023-09-05 08:05:06,178] {logging_mixin.py:115} INFO - [2023-09-05 08:05:06,178] {dagbag.py:507} INFO - Filling up the DagBag from /home/airflow/.local/lib/python3.7/site-packages/airflow/example_dags/plugins/workday.py
[2023-09-05 08:05:06,180] {processor.py:653} WARNING - No viable dags retrieved from /home/airflow/.local/lib/python3.7/site-packages/airflow/example_dags/plugins/workday.py
[2023-09-05 08:05:06,194] {processor.py:161} INFO - Processing /home/airflow/.local/lib/python3.7/site-packages/airflow/example_dags/plugins/workday.py took 0.021 seconds
[2023-09-05 08:05:36,690] {processor.py:153} INFO - Started process (PID=693) to work on /home/airflow/.local/lib/python3.7/site-packages/airflow/example_dags/plugins/workday.py
[2023-09-05 08:05:36,691] {processor.py:641} INFO - Processing file /home/airflow/.local/lib/python3.7/site-packages/airflow/example_dags/plugins/workday.py for tasks to queue
[2023-09-05 08:05:36,692] {logging_mixin.py:115} INFO - [2023-09-05 08:05:36,692] {dagbag.py:507} INFO - Filling up the DagBag from /home/airflow/.local/lib/python3.7/site-packages/airflow/example_dags/plugins/workday.py
[2023-09-05 08:05:36,694] {processor.py:653} WARNING - No viable dags retrieved from /home/airflow/.local/lib/python3.7/site-packages/airflow/example_dags/plugins/workday.py
[2023-09-05 08:05:36,709] {processor.py:161} INFO - Processing /home/airflow/.local/lib/python3.7/site-packages/airflow/example_dags/plugins/workday.py took 0.022 seconds
[2023-09-05 08:06:07,612] {processor.py:153} INFO - Started process (PID=758) to work on /home/airflow/.local/lib/python3.7/site-packages/airflow/example_dags/plugins/workday.py
[2023-09-05 08:06:07,613] {processor.py:641} INFO - Processing file /home/airflow/.local/lib/python3.7/site-packages/airflow/example_dags/plugins/workday.py for tasks to queue
[2023-09-05 08:06:07,614] {logging_mixin.py:115} INFO - [2023-09-05 08:06:07,614] {dagbag.py:507} INFO - Filling up the DagBag from /home/airflow/.local/lib/python3.7/site-packages/airflow/example_dags/plugins/workday.py
[2023-09-05 08:06:07,616] {processor.py:653} WARNING - No viable dags retrieved from /home/airflow/.local/lib/python3.7/site-packages/airflow/example_dags/plugins/workday.py
[2023-09-05 08:06:07,631] {processor.py:161} INFO - Processing /home/airflow/.local/lib/python3.7/site-packages/airflow/example_dags/plugins/workday.py took 0.022 seconds
[2023-09-05 08:06:38,250] {processor.py:153} INFO - Started process (PID=813) to work on /home/airflow/.local/lib/python3.7/site-packages/airflow/example_dags/plugins/workday.py
[2023-09-05 08:06:38,251] {processor.py:641} INFO - Processing file /home/airflow/.local/lib/python3.7/site-packages/airflow/example_dags/plugins/workday.py for tasks to queue
[2023-09-05 08:06:38,252] {logging_mixin.py:115} INFO - [2023-09-05 08:06:38,252] {dagbag.py:507} INFO - Filling up the DagBag from /home/airflow/.local/lib/python3.7/site-packages/airflow/example_dags/plugins/workday.py
[2023-09-05 08:06:38,254] {processor.py:653} WARNING - No viable dags retrieved from /home/airflow/.local/lib/python3.7/site-packages/airflow/example_dags/plugins/workday.py
[2023-09-05 08:06:38,269] {processor.py:161} INFO - Processing /home/airflow/.local/lib/python3.7/site-packages/airflow/example_dags/plugins/workday.py took 0.021 seconds
[2023-09-05 08:07:08,898] {processor.py:153} INFO - Started process (PID=876) to work on /home/airflow/.local/lib/python3.7/site-packages/airflow/example_dags/plugins/workday.py
[2023-09-05 08:07:08,899] {processor.py:641} INFO - Processing file /home/airflow/.local/lib/python3.7/site-packages/airflow/example_dags/plugins/workday.py for tasks to queue
[2023-09-05 08:07:08,900] {logging_mixin.py:115} INFO - [2023-09-05 08:07:08,900] {dagbag.py:507} INFO - Filling up the DagBag from /home/airflow/.local/lib/python3.7/site-packages/airflow/example_dags/plugins/workday.py
[2023-09-05 08:07:08,902] {processor.py:653} WARNING - No viable dags retrieved from /home/airflow/.local/lib/python3.7/site-packages/airflow/example_dags/plugins/workday.py
[2023-09-05 08:07:08,917] {processor.py:161} INFO - Processing /home/airflow/.local/lib/python3.7/site-packages/airflow/example_dags/plugins/workday.py took 0.022 seconds
[2023-09-05 08:07:39,871] {processor.py:153} INFO - Started process (PID=939) to work on /home/airflow/.local/lib/python3.7/site-packages/airflow/example_dags/plugins/workday.py
[2023-09-05 08:07:39,872] {processor.py:641} INFO - Processing file /home/airflow/.local/lib/python3.7/site-packages/airflow/example_dags/plugins/workday.py for tasks to queue
[2023-09-05 08:07:39,873] {logging_mixin.py:115} INFO - [2023-09-05 08:07:39,873] {dagbag.py:507} INFO - Filling up the DagBag from /home/airflow/.local/lib/python3.7/site-packages/airflow/example_dags/plugins/workday.py
[2023-09-05 08:07:39,875] {processor.py:653} WARNING - No viable dags retrieved from /home/airflow/.local/lib/python3.7/site-packages/airflow/example_dags/plugins/workday.py
[2023-09-05 08:07:39,888] {processor.py:161} INFO - Processing /home/airflow/.local/lib/python3.7/site-packages/airflow/example_dags/plugins/workday.py took 0.021 seconds
[2023-09-05 08:08:10,513] {processor.py:153} INFO - Started process (PID=1002) to work on /home/airflow/.local/lib/python3.7/site-packages/airflow/example_dags/plugins/workday.py
[2023-09-05 08:08:10,514] {processor.py:641} INFO - Processing file /home/airflow/.local/lib/python3.7/site-packages/airflow/example_dags/plugins/workday.py for tasks to queue
[2023-09-05 08:08:10,515] {logging_mixin.py:115} INFO - [2023-09-05 08:08:10,515] {dagbag.py:507} INFO - Filling up the DagBag from /home/airflow/.local/lib/python3.7/site-packages/airflow/example_dags/plugins/workday.py
[2023-09-05 08:08:10,517] {processor.py:653} WARNING - No viable dags retrieved from /home/airflow/.local/lib/python3.7/site-packages/airflow/example_dags/plugins/workday.py
[2023-09-05 08:08:10,531] {processor.py:161} INFO - Processing /home/airflow/.local/lib/python3.7/site-packages/airflow/example_dags/plugins/workday.py took 0.022 seconds
[2023-09-05 08:08:41,049] {processor.py:153} INFO - Started process (PID=1066) to work on /home/airflow/.local/lib/python3.7/site-packages/airflow/example_dags/plugins/workday.py
[2023-09-05 08:08:41,050] {processor.py:641} INFO - Processing file /home/airflow/.local/lib/python3.7/site-packages/airflow/example_dags/plugins/workday.py for tasks to queue
[2023-09-05 08:08:41,051] {logging_mixin.py:115} INFO - [2023-09-05 08:08:41,051] {dagbag.py:507} INFO - Filling up the DagBag from /home/airflow/.local/lib/python3.7/site-packages/airflow/example_dags/plugins/workday.py
[2023-09-05 08:08:41,053] {processor.py:653} WARNING - No viable dags retrieved from /home/airflow/.local/lib/python3.7/site-packages/airflow/example_dags/plugins/workday.py
[2023-09-05 08:08:41,067] {processor.py:161} INFO - Processing /home/airflow/.local/lib/python3.7/site-packages/airflow/example_dags/plugins/workday.py took 0.021 seconds
[2023-09-05 08:09:12,066] {processor.py:153} INFO - Started process (PID=1120) to work on /home/airflow/.local/lib/python3.7/site-packages/airflow/example_dags/plugins/workday.py
[2023-09-05 08:09:12,068] {processor.py:641} INFO - Processing file /home/airflow/.local/lib/python3.7/site-packages/airflow/example_dags/plugins/workday.py for tasks to queue
[2023-09-05 08:09:12,069] {logging_mixin.py:115} INFO - [2023-09-05 08:09:12,069] {dagbag.py:507} INFO - Filling up the DagBag from /home/airflow/.local/lib/python3.7/site-packages/airflow/example_dags/plugins/workday.py
[2023-09-05 08:09:12,071] {processor.py:653} WARNING - No viable dags retrieved from /home/airflow/.local/lib/python3.7/site-packages/airflow/example_dags/plugins/workday.py
[2023-09-05 08:09:12,087] {processor.py:161} INFO - Processing /home/airflow/.local/lib/python3.7/site-packages/airflow/example_dags/plugins/workday.py took 0.024 seconds
[2023-09-05 08:09:42,739] {processor.py:153} INFO - Started process (PID=1183) to work on /home/airflow/.local/lib/python3.7/site-packages/airflow/example_dags/plugins/workday.py
[2023-09-05 08:09:42,740] {processor.py:641} INFO - Processing file /home/airflow/.local/lib/python3.7/site-packages/airflow/example_dags/plugins/workday.py for tasks to queue
[2023-09-05 08:09:42,740] {logging_mixin.py:115} INFO - [2023-09-05 08:09:42,740] {dagbag.py:507} INFO - Filling up the DagBag from /home/airflow/.local/lib/python3.7/site-packages/airflow/example_dags/plugins/workday.py
[2023-09-05 08:09:42,742] {processor.py:653} WARNING - No viable dags retrieved from /home/airflow/.local/lib/python3.7/site-packages/airflow/example_dags/plugins/workday.py
[2023-09-05 08:09:42,756] {processor.py:161} INFO - Processing /home/airflow/.local/lib/python3.7/site-packages/airflow/example_dags/plugins/workday.py took 0.020 seconds
[2023-09-05 08:10:13,564] {processor.py:153} INFO - Started process (PID=1247) to work on /home/airflow/.local/lib/python3.7/site-packages/airflow/example_dags/plugins/workday.py
[2023-09-05 08:10:13,566] {processor.py:641} INFO - Processing file /home/airflow/.local/lib/python3.7/site-packages/airflow/example_dags/plugins/workday.py for tasks to queue
[2023-09-05 08:10:13,567] {logging_mixin.py:115} INFO - [2023-09-05 08:10:13,566] {dagbag.py:507} INFO - Filling up the DagBag from /home/airflow/.local/lib/python3.7/site-packages/airflow/example_dags/plugins/workday.py
[2023-09-05 08:10:13,568] {processor.py:653} WARNING - No viable dags retrieved from /home/airflow/.local/lib/python3.7/site-packages/airflow/example_dags/plugins/workday.py
[2023-09-05 08:10:13,584] {processor.py:161} INFO - Processing /home/airflow/.local/lib/python3.7/site-packages/airflow/example_dags/plugins/workday.py took 0.023 seconds
[2023-09-05 08:10:44,460] {processor.py:153} INFO - Started process (PID=1310) to work on /home/airflow/.local/lib/python3.7/site-packages/airflow/example_dags/plugins/workday.py
[2023-09-05 08:10:44,461] {processor.py:641} INFO - Processing file /home/airflow/.local/lib/python3.7/site-packages/airflow/example_dags/plugins/workday.py for tasks to queue
[2023-09-05 08:10:44,462] {logging_mixin.py:115} INFO - [2023-09-05 08:10:44,462] {dagbag.py:507} INFO - Filling up the DagBag from /home/airflow/.local/lib/python3.7/site-packages/airflow/example_dags/plugins/workday.py
[2023-09-05 08:10:44,464] {processor.py:653} WARNING - No viable dags retrieved from /home/airflow/.local/lib/python3.7/site-packages/airflow/example_dags/plugins/workday.py
[2023-09-05 08:10:44,477] {processor.py:161} INFO - Processing /home/airflow/.local/lib/python3.7/site-packages/airflow/example_dags/plugins/workday.py took 0.020 seconds
[2023-09-05 08:11:15,051] {processor.py:153} INFO - Started process (PID=1372) to work on /home/airflow/.local/lib/python3.7/site-packages/airflow/example_dags/plugins/workday.py
[2023-09-05 08:11:15,052] {processor.py:641} INFO - Processing file /home/airflow/.local/lib/python3.7/site-packages/airflow/example_dags/plugins/workday.py for tasks to queue
[2023-09-05 08:11:15,053] {logging_mixin.py:115} INFO - [2023-09-05 08:11:15,053] {dagbag.py:507} INFO - Filling up the DagBag from /home/airflow/.local/lib/python3.7/site-packages/airflow/example_dags/plugins/workday.py
[2023-09-05 08:11:15,055] {processor.py:653} WARNING - No viable dags retrieved from /home/airflow/.local/lib/python3.7/site-packages/airflow/example_dags/plugins/workday.py
[2023-09-05 08:11:15,071] {processor.py:161} INFO - Processing /home/airflow/.local/lib/python3.7/site-packages/airflow/example_dags/plugins/workday.py took 0.023 seconds
[2023-09-05 08:11:45,718] {processor.py:153} INFO - Started process (PID=1435) to work on /home/airflow/.local/lib/python3.7/site-packages/airflow/example_dags/plugins/workday.py
[2023-09-05 08:11:45,719] {processor.py:641} INFO - Processing file /home/airflow/.local/lib/python3.7/site-packages/airflow/example_dags/plugins/workday.py for tasks to queue
[2023-09-05 08:11:45,720] {logging_mixin.py:115} INFO - [2023-09-05 08:11:45,720] {dagbag.py:507} INFO - Filling up the DagBag from /home/airflow/.local/lib/python3.7/site-packages/airflow/example_dags/plugins/workday.py
[2023-09-05 08:11:45,722] {processor.py:653} WARNING - No viable dags retrieved from /home/airflow/.local/lib/python3.7/site-packages/airflow/example_dags/plugins/workday.py
[2023-09-05 08:11:45,736] {processor.py:161} INFO - Processing /home/airflow/.local/lib/python3.7/site-packages/airflow/example_dags/plugins/workday.py took 0.021 seconds
[2023-09-05 08:12:16,505] {processor.py:153} INFO - Started process (PID=1490) to work on /home/airflow/.local/lib/python3.7/site-packages/airflow/example_dags/plugins/workday.py
[2023-09-05 08:12:16,506] {processor.py:641} INFO - Processing file /home/airflow/.local/lib/python3.7/site-packages/airflow/example_dags/plugins/workday.py for tasks to queue
[2023-09-05 08:12:16,507] {logging_mixin.py:115} INFO - [2023-09-05 08:12:16,507] {dagbag.py:507} INFO - Filling up the DagBag from /home/airflow/.local/lib/python3.7/site-packages/airflow/example_dags/plugins/workday.py
[2023-09-05 08:12:16,508] {processor.py:653} WARNING - No viable dags retrieved from /home/airflow/.local/lib/python3.7/site-packages/airflow/example_dags/plugins/workday.py
[2023-09-05 08:12:16,523] {processor.py:161} INFO - Processing /home/airflow/.local/lib/python3.7/site-packages/airflow/example_dags/plugins/workday.py took 0.021 seconds
[2023-09-05 08:12:47,298] {processor.py:153} INFO - Started process (PID=1551) to work on /home/airflow/.local/lib/python3.7/site-packages/airflow/example_dags/plugins/workday.py
[2023-09-05 08:12:47,299] {processor.py:641} INFO - Processing file /home/airflow/.local/lib/python3.7/site-packages/airflow/example_dags/plugins/workday.py for tasks to queue
[2023-09-05 08:12:47,299] {logging_mixin.py:115} INFO - [2023-09-05 08:12:47,299] {dagbag.py:507} INFO - Filling up the DagBag from /home/airflow/.local/lib/python3.7/site-packages/airflow/example_dags/plugins/workday.py
[2023-09-05 08:12:47,301] {processor.py:653} WARNING - No viable dags retrieved from /home/airflow/.local/lib/python3.7/site-packages/airflow/example_dags/plugins/workday.py
[2023-09-05 08:12:47,317] {processor.py:161} INFO - Processing /home/airflow/.local/lib/python3.7/site-packages/airflow/example_dags/plugins/workday.py took 0.021 seconds
[2023-09-05 08:13:17,912] {processor.py:153} INFO - Started process (PID=1613) to work on /home/airflow/.local/lib/python3.7/site-packages/airflow/example_dags/plugins/workday.py
[2023-09-05 08:13:17,913] {processor.py:641} INFO - Processing file /home/airflow/.local/lib/python3.7/site-packages/airflow/example_dags/plugins/workday.py for tasks to queue
[2023-09-05 08:13:17,914] {logging_mixin.py:115} INFO - [2023-09-05 08:13:17,914] {dagbag.py:507} INFO - Filling up the DagBag from /home/airflow/.local/lib/python3.7/site-packages/airflow/example_dags/plugins/workday.py
[2023-09-05 08:13:17,916] {processor.py:653} WARNING - No viable dags retrieved from /home/airflow/.local/lib/python3.7/site-packages/airflow/example_dags/plugins/workday.py
[2023-09-05 08:13:17,931] {processor.py:161} INFO - Processing /home/airflow/.local/lib/python3.7/site-packages/airflow/example_dags/plugins/workday.py took 0.022 seconds
[2023-09-05 08:13:48,487] {processor.py:153} INFO - Started process (PID=1676) to work on /home/airflow/.local/lib/python3.7/site-packages/airflow/example_dags/plugins/workday.py
[2023-09-05 08:13:48,488] {processor.py:641} INFO - Processing file /home/airflow/.local/lib/python3.7/site-packages/airflow/example_dags/plugins/workday.py for tasks to queue
[2023-09-05 08:13:48,489] {logging_mixin.py:115} INFO - [2023-09-05 08:13:48,489] {dagbag.py:507} INFO - Filling up the DagBag from /home/airflow/.local/lib/python3.7/site-packages/airflow/example_dags/plugins/workday.py
[2023-09-05 08:13:48,491] {processor.py:653} WARNING - No viable dags retrieved from /home/airflow/.local/lib/python3.7/site-packages/airflow/example_dags/plugins/workday.py
[2023-09-05 08:13:48,506] {processor.py:161} INFO - Processing /home/airflow/.local/lib/python3.7/site-packages/airflow/example_dags/plugins/workday.py took 0.021 seconds
[2023-09-05 08:14:19,204] {processor.py:153} INFO - Started process (PID=1739) to work on /home/airflow/.local/lib/python3.7/site-packages/airflow/example_dags/plugins/workday.py
[2023-09-05 08:14:19,205] {processor.py:641} INFO - Processing file /home/airflow/.local/lib/python3.7/site-packages/airflow/example_dags/plugins/workday.py for tasks to queue
[2023-09-05 08:14:19,206] {logging_mixin.py:115} INFO - [2023-09-05 08:14:19,205] {dagbag.py:507} INFO - Filling up the DagBag from /home/airflow/.local/lib/python3.7/site-packages/airflow/example_dags/plugins/workday.py
[2023-09-05 08:14:19,207] {processor.py:653} WARNING - No viable dags retrieved from /home/airflow/.local/lib/python3.7/site-packages/airflow/example_dags/plugins/workday.py
[2023-09-05 08:14:19,221] {processor.py:161} INFO - Processing /home/airflow/.local/lib/python3.7/site-packages/airflow/example_dags/plugins/workday.py took 0.019 seconds
[2023-09-05 08:14:49,990] {processor.py:153} INFO - Started process (PID=1793) to work on /home/airflow/.local/lib/python3.7/site-packages/airflow/example_dags/plugins/workday.py
[2023-09-05 08:14:49,991] {processor.py:641} INFO - Processing file /home/airflow/.local/lib/python3.7/site-packages/airflow/example_dags/plugins/workday.py for tasks to queue
[2023-09-05 08:14:49,992] {logging_mixin.py:115} INFO - [2023-09-05 08:14:49,992] {dagbag.py:507} INFO - Filling up the DagBag from /home/airflow/.local/lib/python3.7/site-packages/airflow/example_dags/plugins/workday.py
[2023-09-05 08:14:49,994] {processor.py:653} WARNING - No viable dags retrieved from /home/airflow/.local/lib/python3.7/site-packages/airflow/example_dags/plugins/workday.py
[2023-09-05 08:14:50,008] {processor.py:161} INFO - Processing /home/airflow/.local/lib/python3.7/site-packages/airflow/example_dags/plugins/workday.py took 0.020 seconds
[2023-09-05 08:15:20,607] {processor.py:153} INFO - Started process (PID=1856) to work on /home/airflow/.local/lib/python3.7/site-packages/airflow/example_dags/plugins/workday.py
[2023-09-05 08:15:20,608] {processor.py:641} INFO - Processing file /home/airflow/.local/lib/python3.7/site-packages/airflow/example_dags/plugins/workday.py for tasks to queue
[2023-09-05 08:15:20,608] {logging_mixin.py:115} INFO - [2023-09-05 08:15:20,608] {dagbag.py:507} INFO - Filling up the DagBag from /home/airflow/.local/lib/python3.7/site-packages/airflow/example_dags/plugins/workday.py
[2023-09-05 08:15:20,610] {processor.py:653} WARNING - No viable dags retrieved from /home/airflow/.local/lib/python3.7/site-packages/airflow/example_dags/plugins/workday.py
[2023-09-05 08:15:20,624] {processor.py:161} INFO - Processing /home/airflow/.local/lib/python3.7/site-packages/airflow/example_dags/plugins/workday.py took 0.020 seconds
[2023-09-05 08:15:51,494] {processor.py:153} INFO - Started process (PID=1919) to work on /home/airflow/.local/lib/python3.7/site-packages/airflow/example_dags/plugins/workday.py
[2023-09-05 08:15:51,494] {processor.py:641} INFO - Processing file /home/airflow/.local/lib/python3.7/site-packages/airflow/example_dags/plugins/workday.py for tasks to queue
[2023-09-05 08:15:51,495] {logging_mixin.py:115} INFO - [2023-09-05 08:15:51,495] {dagbag.py:507} INFO - Filling up the DagBag from /home/airflow/.local/lib/python3.7/site-packages/airflow/example_dags/plugins/workday.py
[2023-09-05 08:15:51,497] {processor.py:653} WARNING - No viable dags retrieved from /home/airflow/.local/lib/python3.7/site-packages/airflow/example_dags/plugins/workday.py
[2023-09-05 08:15:51,512] {processor.py:161} INFO - Processing /home/airflow/.local/lib/python3.7/site-packages/airflow/example_dags/plugins/workday.py took 0.021 seconds
[2023-09-05 08:16:22,349] {processor.py:153} INFO - Started process (PID=1982) to work on /home/airflow/.local/lib/python3.7/site-packages/airflow/example_dags/plugins/workday.py
[2023-09-05 08:16:22,350] {processor.py:641} INFO - Processing file /home/airflow/.local/lib/python3.7/site-packages/airflow/example_dags/plugins/workday.py for tasks to queue
[2023-09-05 08:16:22,351] {logging_mixin.py:115} INFO - [2023-09-05 08:16:22,351] {dagbag.py:507} INFO - Filling up the DagBag from /home/airflow/.local/lib/python3.7/site-packages/airflow/example_dags/plugins/workday.py
[2023-09-05 08:16:22,353] {processor.py:653} WARNING - No viable dags retrieved from /home/airflow/.local/lib/python3.7/site-packages/airflow/example_dags/plugins/workday.py
[2023-09-05 08:16:22,366] {processor.py:161} INFO - Processing /home/airflow/.local/lib/python3.7/site-packages/airflow/example_dags/plugins/workday.py took 0.020 seconds
[2023-09-05 08:16:53,078] {processor.py:153} INFO - Started process (PID=2045) to work on /home/airflow/.local/lib/python3.7/site-packages/airflow/example_dags/plugins/workday.py
[2023-09-05 08:16:53,079] {processor.py:641} INFO - Processing file /home/airflow/.local/lib/python3.7/site-packages/airflow/example_dags/plugins/workday.py for tasks to queue
[2023-09-05 08:16:53,080] {logging_mixin.py:115} INFO - [2023-09-05 08:16:53,080] {dagbag.py:507} INFO - Filling up the DagBag from /home/airflow/.local/lib/python3.7/site-packages/airflow/example_dags/plugins/workday.py
[2023-09-05 08:16:53,082] {processor.py:653} WARNING - No viable dags retrieved from /home/airflow/.local/lib/python3.7/site-packages/airflow/example_dags/plugins/workday.py
[2023-09-05 08:16:53,097] {processor.py:161} INFO - Processing /home/airflow/.local/lib/python3.7/site-packages/airflow/example_dags/plugins/workday.py took 0.022 seconds
[2023-09-05 08:17:23,840] {processor.py:153} INFO - Started process (PID=2108) to work on /home/airflow/.local/lib/python3.7/site-packages/airflow/example_dags/plugins/workday.py
[2023-09-05 08:17:23,841] {processor.py:641} INFO - Processing file /home/airflow/.local/lib/python3.7/site-packages/airflow/example_dags/plugins/workday.py for tasks to queue
[2023-09-05 08:17:23,842] {logging_mixin.py:115} INFO - [2023-09-05 08:17:23,842] {dagbag.py:507} INFO - Filling up the DagBag from /home/airflow/.local/lib/python3.7/site-packages/airflow/example_dags/plugins/workday.py
[2023-09-05 08:17:23,844] {processor.py:653} WARNING - No viable dags retrieved from /home/airflow/.local/lib/python3.7/site-packages/airflow/example_dags/plugins/workday.py
[2023-09-05 08:17:23,858] {processor.py:161} INFO - Processing /home/airflow/.local/lib/python3.7/site-packages/airflow/example_dags/plugins/workday.py took 0.021 seconds
[2023-09-05 08:17:54,655] {processor.py:153} INFO - Started process (PID=2162) to work on /home/airflow/.local/lib/python3.7/site-packages/airflow/example_dags/plugins/workday.py
[2023-09-05 08:17:54,656] {processor.py:641} INFO - Processing file /home/airflow/.local/lib/python3.7/site-packages/airflow/example_dags/plugins/workday.py for tasks to queue
[2023-09-05 08:17:54,657] {logging_mixin.py:115} INFO - [2023-09-05 08:17:54,657] {dagbag.py:507} INFO - Filling up the DagBag from /home/airflow/.local/lib/python3.7/site-packages/airflow/example_dags/plugins/workday.py
[2023-09-05 08:17:54,659] {processor.py:653} WARNING - No viable dags retrieved from /home/airflow/.local/lib/python3.7/site-packages/airflow/example_dags/plugins/workday.py
[2023-09-05 08:17:54,673] {processor.py:161} INFO - Processing /home/airflow/.local/lib/python3.7/site-packages/airflow/example_dags/plugins/workday.py took 0.021 seconds
[2023-09-05 08:18:25,428] {processor.py:153} INFO - Started process (PID=2226) to work on /home/airflow/.local/lib/python3.7/site-packages/airflow/example_dags/plugins/workday.py
[2023-09-05 08:18:25,429] {processor.py:641} INFO - Processing file /home/airflow/.local/lib/python3.7/site-packages/airflow/example_dags/plugins/workday.py for tasks to queue
[2023-09-05 08:18:25,430] {logging_mixin.py:115} INFO - [2023-09-05 08:18:25,430] {dagbag.py:507} INFO - Filling up the DagBag from /home/airflow/.local/lib/python3.7/site-packages/airflow/example_dags/plugins/workday.py
[2023-09-05 08:18:25,432] {processor.py:653} WARNING - No viable dags retrieved from /home/airflow/.local/lib/python3.7/site-packages/airflow/example_dags/plugins/workday.py
[2023-09-05 08:18:25,446] {processor.py:161} INFO - Processing /home/airflow/.local/lib/python3.7/site-packages/airflow/example_dags/plugins/workday.py took 0.021 seconds
[2023-09-05 08:18:56,326] {processor.py:153} INFO - Started process (PID=2289) to work on /home/airflow/.local/lib/python3.7/site-packages/airflow/example_dags/plugins/workday.py
[2023-09-05 08:18:56,327] {processor.py:641} INFO - Processing file /home/airflow/.local/lib/python3.7/site-packages/airflow/example_dags/plugins/workday.py for tasks to queue
[2023-09-05 08:18:56,328] {logging_mixin.py:115} INFO - [2023-09-05 08:18:56,328] {dagbag.py:507} INFO - Filling up the DagBag from /home/airflow/.local/lib/python3.7/site-packages/airflow/example_dags/plugins/workday.py
[2023-09-05 08:18:56,329] {processor.py:653} WARNING - No viable dags retrieved from /home/airflow/.local/lib/python3.7/site-packages/airflow/example_dags/plugins/workday.py
[2023-09-05 08:18:56,343] {processor.py:161} INFO - Processing /home/airflow/.local/lib/python3.7/site-packages/airflow/example_dags/plugins/workday.py took 0.020 seconds
[2023-09-05 08:19:27,100] {processor.py:153} INFO - Started process (PID=2352) to work on /home/airflow/.local/lib/python3.7/site-packages/airflow/example_dags/plugins/workday.py
[2023-09-05 08:19:27,101] {processor.py:641} INFO - Processing file /home/airflow/.local/lib/python3.7/site-packages/airflow/example_dags/plugins/workday.py for tasks to queue
[2023-09-05 08:19:27,102] {logging_mixin.py:115} INFO - [2023-09-05 08:19:27,102] {dagbag.py:507} INFO - Filling up the DagBag from /home/airflow/.local/lib/python3.7/site-packages/airflow/example_dags/plugins/workday.py
[2023-09-05 08:19:27,104] {processor.py:653} WARNING - No viable dags retrieved from /home/airflow/.local/lib/python3.7/site-packages/airflow/example_dags/plugins/workday.py
[2023-09-05 08:19:27,117] {processor.py:161} INFO - Processing /home/airflow/.local/lib/python3.7/site-packages/airflow/example_dags/plugins/workday.py took 0.020 seconds
[2023-09-05 08:19:57,826] {processor.py:153} INFO - Started process (PID=2416) to work on /home/airflow/.local/lib/python3.7/site-packages/airflow/example_dags/plugins/workday.py
[2023-09-05 08:19:57,827] {processor.py:641} INFO - Processing file /home/airflow/.local/lib/python3.7/site-packages/airflow/example_dags/plugins/workday.py for tasks to queue
[2023-09-05 08:19:57,828] {logging_mixin.py:115} INFO - [2023-09-05 08:19:57,827] {dagbag.py:507} INFO - Filling up the DagBag from /home/airflow/.local/lib/python3.7/site-packages/airflow/example_dags/plugins/workday.py
[2023-09-05 08:19:57,829] {processor.py:653} WARNING - No viable dags retrieved from /home/airflow/.local/lib/python3.7/site-packages/airflow/example_dags/plugins/workday.py
[2023-09-05 08:19:57,842] {processor.py:161} INFO - Processing /home/airflow/.local/lib/python3.7/site-packages/airflow/example_dags/plugins/workday.py took 0.019 seconds
[2023-09-05 08:20:28,768] {processor.py:153} INFO - Started process (PID=2478) to work on /home/airflow/.local/lib/python3.7/site-packages/airflow/example_dags/plugins/workday.py
[2023-09-05 08:20:28,770] {processor.py:641} INFO - Processing file /home/airflow/.local/lib/python3.7/site-packages/airflow/example_dags/plugins/workday.py for tasks to queue
[2023-09-05 08:20:28,771] {logging_mixin.py:115} INFO - [2023-09-05 08:20:28,771] {dagbag.py:507} INFO - Filling up the DagBag from /home/airflow/.local/lib/python3.7/site-packages/airflow/example_dags/plugins/workday.py
[2023-09-05 08:20:28,774] {processor.py:653} WARNING - No viable dags retrieved from /home/airflow/.local/lib/python3.7/site-packages/airflow/example_dags/plugins/workday.py
[2023-09-05 08:20:28,823] {processor.py:161} INFO - Processing /home/airflow/.local/lib/python3.7/site-packages/airflow/example_dags/plugins/workday.py took 0.058 seconds
[2023-09-05 08:20:59,675] {processor.py:153} INFO - Started process (PID=2532) to work on /home/airflow/.local/lib/python3.7/site-packages/airflow/example_dags/plugins/workday.py
[2023-09-05 08:20:59,677] {processor.py:641} INFO - Processing file /home/airflow/.local/lib/python3.7/site-packages/airflow/example_dags/plugins/workday.py for tasks to queue
[2023-09-05 08:20:59,677] {logging_mixin.py:115} INFO - [2023-09-05 08:20:59,677] {dagbag.py:507} INFO - Filling up the DagBag from /home/airflow/.local/lib/python3.7/site-packages/airflow/example_dags/plugins/workday.py
[2023-09-05 08:20:59,680] {processor.py:653} WARNING - No viable dags retrieved from /home/airflow/.local/lib/python3.7/site-packages/airflow/example_dags/plugins/workday.py
[2023-09-05 08:20:59,694] {processor.py:161} INFO - Processing /home/airflow/.local/lib/python3.7/site-packages/airflow/example_dags/plugins/workday.py took 0.022 seconds
[2023-09-05 08:21:30,520] {processor.py:153} INFO - Started process (PID=2594) to work on /home/airflow/.local/lib/python3.7/site-packages/airflow/example_dags/plugins/workday.py
[2023-09-05 08:21:30,521] {processor.py:641} INFO - Processing file /home/airflow/.local/lib/python3.7/site-packages/airflow/example_dags/plugins/workday.py for tasks to queue
[2023-09-05 08:21:30,522] {logging_mixin.py:115} INFO - [2023-09-05 08:21:30,522] {dagbag.py:507} INFO - Filling up the DagBag from /home/airflow/.local/lib/python3.7/site-packages/airflow/example_dags/plugins/workday.py
[2023-09-05 08:21:30,524] {processor.py:653} WARNING - No viable dags retrieved from /home/airflow/.local/lib/python3.7/site-packages/airflow/example_dags/plugins/workday.py
[2023-09-05 08:21:30,539] {processor.py:161} INFO - Processing /home/airflow/.local/lib/python3.7/site-packages/airflow/example_dags/plugins/workday.py took 0.022 seconds
[2023-09-05 08:22:00,632] {processor.py:153} INFO - Started process (PID=2657) to work on /home/airflow/.local/lib/python3.7/site-packages/airflow/example_dags/plugins/workday.py
[2023-09-05 08:22:00,633] {processor.py:641} INFO - Processing file /home/airflow/.local/lib/python3.7/site-packages/airflow/example_dags/plugins/workday.py for tasks to queue
[2023-09-05 08:22:00,634] {logging_mixin.py:115} INFO - [2023-09-05 08:22:00,634] {dagbag.py:507} INFO - Filling up the DagBag from /home/airflow/.local/lib/python3.7/site-packages/airflow/example_dags/plugins/workday.py
[2023-09-05 08:22:00,636] {processor.py:653} WARNING - No viable dags retrieved from /home/airflow/.local/lib/python3.7/site-packages/airflow/example_dags/plugins/workday.py
[2023-09-05 08:22:00,650] {processor.py:161} INFO - Processing /home/airflow/.local/lib/python3.7/site-packages/airflow/example_dags/plugins/workday.py took 0.021 seconds
[2023-09-05 08:22:31,549] {processor.py:153} INFO - Started process (PID=2720) to work on /home/airflow/.local/lib/python3.7/site-packages/airflow/example_dags/plugins/workday.py
[2023-09-05 08:22:31,550] {processor.py:641} INFO - Processing file /home/airflow/.local/lib/python3.7/site-packages/airflow/example_dags/plugins/workday.py for tasks to queue
[2023-09-05 08:22:31,551] {logging_mixin.py:115} INFO - [2023-09-05 08:22:31,551] {dagbag.py:507} INFO - Filling up the DagBag from /home/airflow/.local/lib/python3.7/site-packages/airflow/example_dags/plugins/workday.py
[2023-09-05 08:22:31,552] {processor.py:653} WARNING - No viable dags retrieved from /home/airflow/.local/lib/python3.7/site-packages/airflow/example_dags/plugins/workday.py
[2023-09-05 08:22:31,567] {processor.py:161} INFO - Processing /home/airflow/.local/lib/python3.7/site-packages/airflow/example_dags/plugins/workday.py took 0.022 seconds
[2023-09-05 08:23:01,778] {processor.py:153} INFO - Started process (PID=2784) to work on /home/airflow/.local/lib/python3.7/site-packages/airflow/example_dags/plugins/workday.py
[2023-09-05 08:23:01,781] {processor.py:641} INFO - Processing file /home/airflow/.local/lib/python3.7/site-packages/airflow/example_dags/plugins/workday.py for tasks to queue
[2023-09-05 08:23:01,787] {logging_mixin.py:115} INFO - [2023-09-05 08:23:01,787] {dagbag.py:507} INFO - Filling up the DagBag from /home/airflow/.local/lib/python3.7/site-packages/airflow/example_dags/plugins/workday.py
[2023-09-05 08:23:01,793] {processor.py:653} WARNING - No viable dags retrieved from /home/airflow/.local/lib/python3.7/site-packages/airflow/example_dags/plugins/workday.py
[2023-09-05 08:23:01,818] {processor.py:161} INFO - Processing /home/airflow/.local/lib/python3.7/site-packages/airflow/example_dags/plugins/workday.py took 0.058 seconds
[2023-09-05 08:23:32,791] {processor.py:153} INFO - Started process (PID=2838) to work on /home/airflow/.local/lib/python3.7/site-packages/airflow/example_dags/plugins/workday.py
[2023-09-05 08:23:32,793] {processor.py:641} INFO - Processing file /home/airflow/.local/lib/python3.7/site-packages/airflow/example_dags/plugins/workday.py for tasks to queue
[2023-09-05 08:23:32,794] {logging_mixin.py:115} INFO - [2023-09-05 08:23:32,793] {dagbag.py:507} INFO - Filling up the DagBag from /home/airflow/.local/lib/python3.7/site-packages/airflow/example_dags/plugins/workday.py
[2023-09-05 08:23:32,796] {processor.py:653} WARNING - No viable dags retrieved from /home/airflow/.local/lib/python3.7/site-packages/airflow/example_dags/plugins/workday.py
[2023-09-05 08:23:32,812] {processor.py:161} INFO - Processing /home/airflow/.local/lib/python3.7/site-packages/airflow/example_dags/plugins/workday.py took 0.024 seconds
[2023-09-05 08:24:03,659] {processor.py:153} INFO - Started process (PID=2901) to work on /home/airflow/.local/lib/python3.7/site-packages/airflow/example_dags/plugins/workday.py
[2023-09-05 08:24:03,660] {processor.py:641} INFO - Processing file /home/airflow/.local/lib/python3.7/site-packages/airflow/example_dags/plugins/workday.py for tasks to queue
[2023-09-05 08:24:03,661] {logging_mixin.py:115} INFO - [2023-09-05 08:24:03,661] {dagbag.py:507} INFO - Filling up the DagBag from /home/airflow/.local/lib/python3.7/site-packages/airflow/example_dags/plugins/workday.py
[2023-09-05 08:24:03,663] {processor.py:653} WARNING - No viable dags retrieved from /home/airflow/.local/lib/python3.7/site-packages/airflow/example_dags/plugins/workday.py
[2023-09-05 08:24:03,678] {processor.py:161} INFO - Processing /home/airflow/.local/lib/python3.7/site-packages/airflow/example_dags/plugins/workday.py took 0.023 seconds
[2023-09-05 08:24:33,717] {processor.py:153} INFO - Started process (PID=2963) to work on /home/airflow/.local/lib/python3.7/site-packages/airflow/example_dags/plugins/workday.py
[2023-09-05 08:24:33,718] {processor.py:641} INFO - Processing file /home/airflow/.local/lib/python3.7/site-packages/airflow/example_dags/plugins/workday.py for tasks to queue
[2023-09-05 08:24:33,719] {logging_mixin.py:115} INFO - [2023-09-05 08:24:33,719] {dagbag.py:507} INFO - Filling up the DagBag from /home/airflow/.local/lib/python3.7/site-packages/airflow/example_dags/plugins/workday.py
[2023-09-05 08:24:33,720] {processor.py:653} WARNING - No viable dags retrieved from /home/airflow/.local/lib/python3.7/site-packages/airflow/example_dags/plugins/workday.py
[2023-09-05 08:24:33,736] {processor.py:161} INFO - Processing /home/airflow/.local/lib/python3.7/site-packages/airflow/example_dags/plugins/workday.py took 0.024 seconds
[2023-09-05 08:25:03,870] {processor.py:153} INFO - Started process (PID=3026) to work on /home/airflow/.local/lib/python3.7/site-packages/airflow/example_dags/plugins/workday.py
[2023-09-05 08:25:03,871] {processor.py:641} INFO - Processing file /home/airflow/.local/lib/python3.7/site-packages/airflow/example_dags/plugins/workday.py for tasks to queue
[2023-09-05 08:25:03,872] {logging_mixin.py:115} INFO - [2023-09-05 08:25:03,872] {dagbag.py:507} INFO - Filling up the DagBag from /home/airflow/.local/lib/python3.7/site-packages/airflow/example_dags/plugins/workday.py
[2023-09-05 08:25:03,874] {processor.py:653} WARNING - No viable dags retrieved from /home/airflow/.local/lib/python3.7/site-packages/airflow/example_dags/plugins/workday.py
[2023-09-05 08:25:03,889] {processor.py:161} INFO - Processing /home/airflow/.local/lib/python3.7/site-packages/airflow/example_dags/plugins/workday.py took 0.022 seconds
[2023-09-05 08:25:34,163] {processor.py:153} INFO - Started process (PID=3088) to work on /home/airflow/.local/lib/python3.7/site-packages/airflow/example_dags/plugins/workday.py
[2023-09-05 08:25:34,164] {processor.py:641} INFO - Processing file /home/airflow/.local/lib/python3.7/site-packages/airflow/example_dags/plugins/workday.py for tasks to queue
[2023-09-05 08:25:34,165] {logging_mixin.py:115} INFO - [2023-09-05 08:25:34,165] {dagbag.py:507} INFO - Filling up the DagBag from /home/airflow/.local/lib/python3.7/site-packages/airflow/example_dags/plugins/workday.py
[2023-09-05 08:25:34,167] {processor.py:653} WARNING - No viable dags retrieved from /home/airflow/.local/lib/python3.7/site-packages/airflow/example_dags/plugins/workday.py
[2023-09-05 08:25:34,183] {processor.py:161} INFO - Processing /home/airflow/.local/lib/python3.7/site-packages/airflow/example_dags/plugins/workday.py took 0.023 seconds
[2023-09-05 08:26:04,444] {processor.py:153} INFO - Started process (PID=3144) to work on /home/airflow/.local/lib/python3.7/site-packages/airflow/example_dags/plugins/workday.py
[2023-09-05 08:26:04,446] {processor.py:641} INFO - Processing file /home/airflow/.local/lib/python3.7/site-packages/airflow/example_dags/plugins/workday.py for tasks to queue
[2023-09-05 08:26:04,446] {logging_mixin.py:115} INFO - [2023-09-05 08:26:04,446] {dagbag.py:507} INFO - Filling up the DagBag from /home/airflow/.local/lib/python3.7/site-packages/airflow/example_dags/plugins/workday.py
[2023-09-05 08:26:04,449] {processor.py:653} WARNING - No viable dags retrieved from /home/airflow/.local/lib/python3.7/site-packages/airflow/example_dags/plugins/workday.py
[2023-09-05 08:26:04,464] {processor.py:161} INFO - Processing /home/airflow/.local/lib/python3.7/site-packages/airflow/example_dags/plugins/workday.py took 0.022 seconds
[2023-09-05 08:26:34,638] {processor.py:153} INFO - Started process (PID=3207) to work on /home/airflow/.local/lib/python3.7/site-packages/airflow/example_dags/plugins/workday.py
[2023-09-05 08:26:34,639] {processor.py:641} INFO - Processing file /home/airflow/.local/lib/python3.7/site-packages/airflow/example_dags/plugins/workday.py for tasks to queue
[2023-09-05 08:26:34,639] {logging_mixin.py:115} INFO - [2023-09-05 08:26:34,639] {dagbag.py:507} INFO - Filling up the DagBag from /home/airflow/.local/lib/python3.7/site-packages/airflow/example_dags/plugins/workday.py
[2023-09-05 08:26:34,641] {processor.py:653} WARNING - No viable dags retrieved from /home/airflow/.local/lib/python3.7/site-packages/airflow/example_dags/plugins/workday.py
[2023-09-05 08:26:34,656] {processor.py:161} INFO - Processing /home/airflow/.local/lib/python3.7/site-packages/airflow/example_dags/plugins/workday.py took 0.021 seconds
[2023-09-05 08:27:05,646] {processor.py:153} INFO - Started process (PID=3270) to work on /home/airflow/.local/lib/python3.7/site-packages/airflow/example_dags/plugins/workday.py
[2023-09-05 08:27:05,647] {processor.py:641} INFO - Processing file /home/airflow/.local/lib/python3.7/site-packages/airflow/example_dags/plugins/workday.py for tasks to queue
[2023-09-05 08:27:05,648] {logging_mixin.py:115} INFO - [2023-09-05 08:27:05,648] {dagbag.py:507} INFO - Filling up the DagBag from /home/airflow/.local/lib/python3.7/site-packages/airflow/example_dags/plugins/workday.py
[2023-09-05 08:27:05,650] {processor.py:653} WARNING - No viable dags retrieved from /home/airflow/.local/lib/python3.7/site-packages/airflow/example_dags/plugins/workday.py
[2023-09-05 08:27:05,663] {processor.py:161} INFO - Processing /home/airflow/.local/lib/python3.7/site-packages/airflow/example_dags/plugins/workday.py took 0.020 seconds
[2023-09-05 08:27:36,037] {processor.py:153} INFO - Started process (PID=3333) to work on /home/airflow/.local/lib/python3.7/site-packages/airflow/example_dags/plugins/workday.py
[2023-09-05 08:27:36,037] {processor.py:641} INFO - Processing file /home/airflow/.local/lib/python3.7/site-packages/airflow/example_dags/plugins/workday.py for tasks to queue
[2023-09-05 08:27:36,038] {logging_mixin.py:115} INFO - [2023-09-05 08:27:36,038] {dagbag.py:507} INFO - Filling up the DagBag from /home/airflow/.local/lib/python3.7/site-packages/airflow/example_dags/plugins/workday.py
[2023-09-05 08:27:36,040] {processor.py:653} WARNING - No viable dags retrieved from /home/airflow/.local/lib/python3.7/site-packages/airflow/example_dags/plugins/workday.py
[2023-09-05 08:27:36,054] {processor.py:161} INFO - Processing /home/airflow/.local/lib/python3.7/site-packages/airflow/example_dags/plugins/workday.py took 0.020 seconds
[2023-09-05 08:28:06,875] {processor.py:153} INFO - Started process (PID=3396) to work on /home/airflow/.local/lib/python3.7/site-packages/airflow/example_dags/plugins/workday.py
[2023-09-05 08:28:06,876] {processor.py:641} INFO - Processing file /home/airflow/.local/lib/python3.7/site-packages/airflow/example_dags/plugins/workday.py for tasks to queue
[2023-09-05 08:28:06,877] {logging_mixin.py:115} INFO - [2023-09-05 08:28:06,877] {dagbag.py:507} INFO - Filling up the DagBag from /home/airflow/.local/lib/python3.7/site-packages/airflow/example_dags/plugins/workday.py
[2023-09-05 08:28:06,879] {processor.py:653} WARNING - No viable dags retrieved from /home/airflow/.local/lib/python3.7/site-packages/airflow/example_dags/plugins/workday.py
[2023-09-05 08:28:06,892] {processor.py:161} INFO - Processing /home/airflow/.local/lib/python3.7/site-packages/airflow/example_dags/plugins/workday.py took 0.020 seconds
[2023-09-05 08:28:37,773] {processor.py:153} INFO - Started process (PID=3450) to work on /home/airflow/.local/lib/python3.7/site-packages/airflow/example_dags/plugins/workday.py
[2023-09-05 08:28:37,773] {processor.py:641} INFO - Processing file /home/airflow/.local/lib/python3.7/site-packages/airflow/example_dags/plugins/workday.py for tasks to queue
[2023-09-05 08:28:37,774] {logging_mixin.py:115} INFO - [2023-09-05 08:28:37,774] {dagbag.py:507} INFO - Filling up the DagBag from /home/airflow/.local/lib/python3.7/site-packages/airflow/example_dags/plugins/workday.py
[2023-09-05 08:28:37,776] {processor.py:653} WARNING - No viable dags retrieved from /home/airflow/.local/lib/python3.7/site-packages/airflow/example_dags/plugins/workday.py
[2023-09-05 08:28:37,790] {processor.py:161} INFO - Processing /home/airflow/.local/lib/python3.7/site-packages/airflow/example_dags/plugins/workday.py took 0.020 seconds
[2023-09-05 08:29:08,682] {processor.py:153} INFO - Started process (PID=3512) to work on /home/airflow/.local/lib/python3.7/site-packages/airflow/example_dags/plugins/workday.py
[2023-09-05 08:29:08,683] {processor.py:641} INFO - Processing file /home/airflow/.local/lib/python3.7/site-packages/airflow/example_dags/plugins/workday.py for tasks to queue
[2023-09-05 08:29:08,684] {logging_mixin.py:115} INFO - [2023-09-05 08:29:08,684] {dagbag.py:507} INFO - Filling up the DagBag from /home/airflow/.local/lib/python3.7/site-packages/airflow/example_dags/plugins/workday.py
[2023-09-05 08:29:08,686] {processor.py:653} WARNING - No viable dags retrieved from /home/airflow/.local/lib/python3.7/site-packages/airflow/example_dags/plugins/workday.py
[2023-09-05 08:29:08,701] {processor.py:161} INFO - Processing /home/airflow/.local/lib/python3.7/site-packages/airflow/example_dags/plugins/workday.py took 0.023 seconds
[2023-09-05 08:29:38,862] {processor.py:153} INFO - Started process (PID=3575) to work on /home/airflow/.local/lib/python3.7/site-packages/airflow/example_dags/plugins/workday.py
[2023-09-05 08:29:38,863] {processor.py:641} INFO - Processing file /home/airflow/.local/lib/python3.7/site-packages/airflow/example_dags/plugins/workday.py for tasks to queue
[2023-09-05 08:29:38,864] {logging_mixin.py:115} INFO - [2023-09-05 08:29:38,864] {dagbag.py:507} INFO - Filling up the DagBag from /home/airflow/.local/lib/python3.7/site-packages/airflow/example_dags/plugins/workday.py
[2023-09-05 08:29:38,866] {processor.py:653} WARNING - No viable dags retrieved from /home/airflow/.local/lib/python3.7/site-packages/airflow/example_dags/plugins/workday.py
[2023-09-05 08:29:38,880] {processor.py:161} INFO - Processing /home/airflow/.local/lib/python3.7/site-packages/airflow/example_dags/plugins/workday.py took 0.021 seconds
[2023-09-05 08:30:09,264] {processor.py:153} INFO - Started process (PID=3638) to work on /home/airflow/.local/lib/python3.7/site-packages/airflow/example_dags/plugins/workday.py
[2023-09-05 08:30:09,265] {processor.py:641} INFO - Processing file /home/airflow/.local/lib/python3.7/site-packages/airflow/example_dags/plugins/workday.py for tasks to queue
[2023-09-05 08:30:09,266] {logging_mixin.py:115} INFO - [2023-09-05 08:30:09,266] {dagbag.py:507} INFO - Filling up the DagBag from /home/airflow/.local/lib/python3.7/site-packages/airflow/example_dags/plugins/workday.py
[2023-09-05 08:30:09,267] {processor.py:653} WARNING - No viable dags retrieved from /home/airflow/.local/lib/python3.7/site-packages/airflow/example_dags/plugins/workday.py
[2023-09-05 08:30:09,281] {processor.py:161} INFO - Processing /home/airflow/.local/lib/python3.7/site-packages/airflow/example_dags/plugins/workday.py took 0.020 seconds
[2023-09-05 08:30:39,472] {processor.py:153} INFO - Started process (PID=3701) to work on /home/airflow/.local/lib/python3.7/site-packages/airflow/example_dags/plugins/workday.py
[2023-09-05 08:30:39,473] {processor.py:641} INFO - Processing file /home/airflow/.local/lib/python3.7/site-packages/airflow/example_dags/plugins/workday.py for tasks to queue
[2023-09-05 08:30:39,474] {logging_mixin.py:115} INFO - [2023-09-05 08:30:39,474] {dagbag.py:507} INFO - Filling up the DagBag from /home/airflow/.local/lib/python3.7/site-packages/airflow/example_dags/plugins/workday.py
[2023-09-05 08:30:39,476] {processor.py:653} WARNING - No viable dags retrieved from /home/airflow/.local/lib/python3.7/site-packages/airflow/example_dags/plugins/workday.py
[2023-09-05 08:30:39,491] {processor.py:161} INFO - Processing /home/airflow/.local/lib/python3.7/site-packages/airflow/example_dags/plugins/workday.py took 0.022 seconds
[2023-09-05 08:31:10,436] {processor.py:153} INFO - Started process (PID=3755) to work on /home/airflow/.local/lib/python3.7/site-packages/airflow/example_dags/plugins/workday.py
[2023-09-05 08:31:10,437] {processor.py:641} INFO - Processing file /home/airflow/.local/lib/python3.7/site-packages/airflow/example_dags/plugins/workday.py for tasks to queue
[2023-09-05 08:31:10,438] {logging_mixin.py:115} INFO - [2023-09-05 08:31:10,438] {dagbag.py:507} INFO - Filling up the DagBag from /home/airflow/.local/lib/python3.7/site-packages/airflow/example_dags/plugins/workday.py
[2023-09-05 08:31:10,440] {processor.py:653} WARNING - No viable dags retrieved from /home/airflow/.local/lib/python3.7/site-packages/airflow/example_dags/plugins/workday.py
[2023-09-05 08:31:10,457] {processor.py:161} INFO - Processing /home/airflow/.local/lib/python3.7/site-packages/airflow/example_dags/plugins/workday.py took 0.024 seconds
[2023-09-05 08:31:40,741] {processor.py:153} INFO - Started process (PID=3819) to work on /home/airflow/.local/lib/python3.7/site-packages/airflow/example_dags/plugins/workday.py
[2023-09-05 08:31:40,742] {processor.py:641} INFO - Processing file /home/airflow/.local/lib/python3.7/site-packages/airflow/example_dags/plugins/workday.py for tasks to queue
[2023-09-05 08:31:40,743] {logging_mixin.py:115} INFO - [2023-09-05 08:31:40,743] {dagbag.py:507} INFO - Filling up the DagBag from /home/airflow/.local/lib/python3.7/site-packages/airflow/example_dags/plugins/workday.py
[2023-09-05 08:31:40,745] {processor.py:653} WARNING - No viable dags retrieved from /home/airflow/.local/lib/python3.7/site-packages/airflow/example_dags/plugins/workday.py
[2023-09-05 08:31:40,759] {processor.py:161} INFO - Processing /home/airflow/.local/lib/python3.7/site-packages/airflow/example_dags/plugins/workday.py took 0.021 seconds
[2023-09-05 08:32:10,990] {processor.py:153} INFO - Started process (PID=3882) to work on /home/airflow/.local/lib/python3.7/site-packages/airflow/example_dags/plugins/workday.py
[2023-09-05 08:32:10,991] {processor.py:641} INFO - Processing file /home/airflow/.local/lib/python3.7/site-packages/airflow/example_dags/plugins/workday.py for tasks to queue
[2023-09-05 08:32:10,992] {logging_mixin.py:115} INFO - [2023-09-05 08:32:10,992] {dagbag.py:507} INFO - Filling up the DagBag from /home/airflow/.local/lib/python3.7/site-packages/airflow/example_dags/plugins/workday.py
[2023-09-05 08:32:10,994] {processor.py:653} WARNING - No viable dags retrieved from /home/airflow/.local/lib/python3.7/site-packages/airflow/example_dags/plugins/workday.py
[2023-09-05 08:32:11,009] {processor.py:161} INFO - Processing /home/airflow/.local/lib/python3.7/site-packages/airflow/example_dags/plugins/workday.py took 0.022 seconds
[2023-09-05 08:32:42,011] {processor.py:153} INFO - Started process (PID=3943) to work on /home/airflow/.local/lib/python3.7/site-packages/airflow/example_dags/plugins/workday.py
[2023-09-05 08:32:42,012] {processor.py:641} INFO - Processing file /home/airflow/.local/lib/python3.7/site-packages/airflow/example_dags/plugins/workday.py for tasks to queue
[2023-09-05 08:32:42,013] {logging_mixin.py:115} INFO - [2023-09-05 08:32:42,013] {dagbag.py:507} INFO - Filling up the DagBag from /home/airflow/.local/lib/python3.7/site-packages/airflow/example_dags/plugins/workday.py
[2023-09-05 08:32:42,015] {processor.py:653} WARNING - No viable dags retrieved from /home/airflow/.local/lib/python3.7/site-packages/airflow/example_dags/plugins/workday.py
[2023-09-05 08:32:42,030] {processor.py:161} INFO - Processing /home/airflow/.local/lib/python3.7/site-packages/airflow/example_dags/plugins/workday.py took 0.022 seconds
[2023-09-05 08:33:12,283] {processor.py:153} INFO - Started process (PID=4005) to work on /home/airflow/.local/lib/python3.7/site-packages/airflow/example_dags/plugins/workday.py
[2023-09-05 08:33:12,284] {processor.py:641} INFO - Processing file /home/airflow/.local/lib/python3.7/site-packages/airflow/example_dags/plugins/workday.py for tasks to queue
[2023-09-05 08:33:12,285] {logging_mixin.py:115} INFO - [2023-09-05 08:33:12,285] {dagbag.py:507} INFO - Filling up the DagBag from /home/airflow/.local/lib/python3.7/site-packages/airflow/example_dags/plugins/workday.py
[2023-09-05 08:33:12,287] {processor.py:653} WARNING - No viable dags retrieved from /home/airflow/.local/lib/python3.7/site-packages/airflow/example_dags/plugins/workday.py
[2023-09-05 08:33:12,302] {processor.py:161} INFO - Processing /home/airflow/.local/lib/python3.7/site-packages/airflow/example_dags/plugins/workday.py took 0.022 seconds
[2023-09-05 08:33:42,684] {processor.py:153} INFO - Started process (PID=4059) to work on /home/airflow/.local/lib/python3.7/site-packages/airflow/example_dags/plugins/workday.py
[2023-09-05 08:33:42,685] {processor.py:641} INFO - Processing file /home/airflow/.local/lib/python3.7/site-packages/airflow/example_dags/plugins/workday.py for tasks to queue
[2023-09-05 08:33:42,686] {logging_mixin.py:115} INFO - [2023-09-05 08:33:42,686] {dagbag.py:507} INFO - Filling up the DagBag from /home/airflow/.local/lib/python3.7/site-packages/airflow/example_dags/plugins/workday.py
[2023-09-05 08:33:42,688] {processor.py:653} WARNING - No viable dags retrieved from /home/airflow/.local/lib/python3.7/site-packages/airflow/example_dags/plugins/workday.py
[2023-09-05 08:33:42,701] {processor.py:161} INFO - Processing /home/airflow/.local/lib/python3.7/site-packages/airflow/example_dags/plugins/workday.py took 0.020 seconds
[2023-09-05 08:34:13,613] {processor.py:153} INFO - Started process (PID=4122) to work on /home/airflow/.local/lib/python3.7/site-packages/airflow/example_dags/plugins/workday.py
[2023-09-05 08:34:13,614] {processor.py:641} INFO - Processing file /home/airflow/.local/lib/python3.7/site-packages/airflow/example_dags/plugins/workday.py for tasks to queue
[2023-09-05 08:34:13,615] {logging_mixin.py:115} INFO - [2023-09-05 08:34:13,615] {dagbag.py:507} INFO - Filling up the DagBag from /home/airflow/.local/lib/python3.7/site-packages/airflow/example_dags/plugins/workday.py
[2023-09-05 08:34:13,617] {processor.py:653} WARNING - No viable dags retrieved from /home/airflow/.local/lib/python3.7/site-packages/airflow/example_dags/plugins/workday.py
[2023-09-05 08:34:13,631] {processor.py:161} INFO - Processing /home/airflow/.local/lib/python3.7/site-packages/airflow/example_dags/plugins/workday.py took 0.021 seconds
[2023-09-05 08:34:44,478] {processor.py:153} INFO - Started process (PID=4185) to work on /home/airflow/.local/lib/python3.7/site-packages/airflow/example_dags/plugins/workday.py
[2023-09-05 08:34:44,480] {processor.py:641} INFO - Processing file /home/airflow/.local/lib/python3.7/site-packages/airflow/example_dags/plugins/workday.py for tasks to queue
[2023-09-05 08:34:44,481] {logging_mixin.py:115} INFO - [2023-09-05 08:34:44,481] {dagbag.py:507} INFO - Filling up the DagBag from /home/airflow/.local/lib/python3.7/site-packages/airflow/example_dags/plugins/workday.py
[2023-09-05 08:34:44,484] {processor.py:653} WARNING - No viable dags retrieved from /home/airflow/.local/lib/python3.7/site-packages/airflow/example_dags/plugins/workday.py
[2023-09-05 08:34:44,505] {processor.py:161} INFO - Processing /home/airflow/.local/lib/python3.7/site-packages/airflow/example_dags/plugins/workday.py took 0.029 seconds
[2023-09-05 08:35:14,952] {processor.py:153} INFO - Started process (PID=4248) to work on /home/airflow/.local/lib/python3.7/site-packages/airflow/example_dags/plugins/workday.py
[2023-09-05 08:35:14,953] {processor.py:641} INFO - Processing file /home/airflow/.local/lib/python3.7/site-packages/airflow/example_dags/plugins/workday.py for tasks to queue
[2023-09-05 08:35:14,953] {logging_mixin.py:115} INFO - [2023-09-05 08:35:14,953] {dagbag.py:507} INFO - Filling up the DagBag from /home/airflow/.local/lib/python3.7/site-packages/airflow/example_dags/plugins/workday.py
[2023-09-05 08:35:14,955] {processor.py:653} WARNING - No viable dags retrieved from /home/airflow/.local/lib/python3.7/site-packages/airflow/example_dags/plugins/workday.py
[2023-09-05 08:35:14,970] {processor.py:161} INFO - Processing /home/airflow/.local/lib/python3.7/site-packages/airflow/example_dags/plugins/workday.py took 0.021 seconds
[2023-09-05 08:35:45,107] {processor.py:153} INFO - Started process (PID=4312) to work on /home/airflow/.local/lib/python3.7/site-packages/airflow/example_dags/plugins/workday.py
[2023-09-05 08:35:45,108] {processor.py:641} INFO - Processing file /home/airflow/.local/lib/python3.7/site-packages/airflow/example_dags/plugins/workday.py for tasks to queue
[2023-09-05 08:35:45,108] {logging_mixin.py:115} INFO - [2023-09-05 08:35:45,108] {dagbag.py:507} INFO - Filling up the DagBag from /home/airflow/.local/lib/python3.7/site-packages/airflow/example_dags/plugins/workday.py
[2023-09-05 08:35:45,110] {processor.py:653} WARNING - No viable dags retrieved from /home/airflow/.local/lib/python3.7/site-packages/airflow/example_dags/plugins/workday.py
[2023-09-05 08:35:45,124] {processor.py:161} INFO - Processing /home/airflow/.local/lib/python3.7/site-packages/airflow/example_dags/plugins/workday.py took 0.020 seconds
[2023-09-05 08:36:16,099] {processor.py:153} INFO - Started process (PID=4367) to work on /home/airflow/.local/lib/python3.7/site-packages/airflow/example_dags/plugins/workday.py
[2023-09-05 08:36:16,100] {processor.py:641} INFO - Processing file /home/airflow/.local/lib/python3.7/site-packages/airflow/example_dags/plugins/workday.py for tasks to queue
[2023-09-05 08:36:16,101] {logging_mixin.py:115} INFO - [2023-09-05 08:36:16,101] {dagbag.py:507} INFO - Filling up the DagBag from /home/airflow/.local/lib/python3.7/site-packages/airflow/example_dags/plugins/workday.py
[2023-09-05 08:36:16,103] {processor.py:653} WARNING - No viable dags retrieved from /home/airflow/.local/lib/python3.7/site-packages/airflow/example_dags/plugins/workday.py
[2023-09-05 08:36:16,117] {processor.py:161} INFO - Processing /home/airflow/.local/lib/python3.7/site-packages/airflow/example_dags/plugins/workday.py took 0.021 seconds
[2023-09-05 08:36:46,477] {processor.py:153} INFO - Started process (PID=4430) to work on /home/airflow/.local/lib/python3.7/site-packages/airflow/example_dags/plugins/workday.py
[2023-09-05 08:36:46,478] {processor.py:641} INFO - Processing file /home/airflow/.local/lib/python3.7/site-packages/airflow/example_dags/plugins/workday.py for tasks to queue
[2023-09-05 08:36:46,479] {logging_mixin.py:115} INFO - [2023-09-05 08:36:46,479] {dagbag.py:507} INFO - Filling up the DagBag from /home/airflow/.local/lib/python3.7/site-packages/airflow/example_dags/plugins/workday.py
[2023-09-05 08:36:46,481] {processor.py:653} WARNING - No viable dags retrieved from /home/airflow/.local/lib/python3.7/site-packages/airflow/example_dags/plugins/workday.py
[2023-09-05 08:36:46,495] {processor.py:161} INFO - Processing /home/airflow/.local/lib/python3.7/site-packages/airflow/example_dags/plugins/workday.py took 0.021 seconds
[2023-09-05 08:37:16,781] {processor.py:153} INFO - Started process (PID=4494) to work on /home/airflow/.local/lib/python3.7/site-packages/airflow/example_dags/plugins/workday.py
[2023-09-05 08:37:16,783] {processor.py:641} INFO - Processing file /home/airflow/.local/lib/python3.7/site-packages/airflow/example_dags/plugins/workday.py for tasks to queue
[2023-09-05 08:37:16,783] {logging_mixin.py:115} INFO - [2023-09-05 08:37:16,783] {dagbag.py:507} INFO - Filling up the DagBag from /home/airflow/.local/lib/python3.7/site-packages/airflow/example_dags/plugins/workday.py
[2023-09-05 08:37:16,785] {processor.py:653} WARNING - No viable dags retrieved from /home/airflow/.local/lib/python3.7/site-packages/airflow/example_dags/plugins/workday.py
[2023-09-05 08:37:16,799] {processor.py:161} INFO - Processing /home/airflow/.local/lib/python3.7/site-packages/airflow/example_dags/plugins/workday.py took 0.021 seconds
[2023-09-05 08:37:46,857] {processor.py:153} INFO - Started process (PID=4555) to work on /home/airflow/.local/lib/python3.7/site-packages/airflow/example_dags/plugins/workday.py
[2023-09-05 08:37:46,858] {processor.py:641} INFO - Processing file /home/airflow/.local/lib/python3.7/site-packages/airflow/example_dags/plugins/workday.py for tasks to queue
[2023-09-05 08:37:46,859] {logging_mixin.py:115} INFO - [2023-09-05 08:37:46,859] {dagbag.py:507} INFO - Filling up the DagBag from /home/airflow/.local/lib/python3.7/site-packages/airflow/example_dags/plugins/workday.py
[2023-09-05 08:37:46,860] {processor.py:653} WARNING - No viable dags retrieved from /home/airflow/.local/lib/python3.7/site-packages/airflow/example_dags/plugins/workday.py
[2023-09-05 08:37:46,874] {processor.py:161} INFO - Processing /home/airflow/.local/lib/python3.7/site-packages/airflow/example_dags/plugins/workday.py took 0.020 seconds
[2023-09-05 08:38:16,970] {processor.py:153} INFO - Started process (PID=4617) to work on /home/airflow/.local/lib/python3.7/site-packages/airflow/example_dags/plugins/workday.py
[2023-09-05 08:38:16,972] {processor.py:641} INFO - Processing file /home/airflow/.local/lib/python3.7/site-packages/airflow/example_dags/plugins/workday.py for tasks to queue
[2023-09-05 08:38:16,972] {logging_mixin.py:115} INFO - [2023-09-05 08:38:16,972] {dagbag.py:507} INFO - Filling up the DagBag from /home/airflow/.local/lib/python3.7/site-packages/airflow/example_dags/plugins/workday.py
[2023-09-05 08:38:16,975] {processor.py:653} WARNING - No viable dags retrieved from /home/airflow/.local/lib/python3.7/site-packages/airflow/example_dags/plugins/workday.py
[2023-09-05 08:38:16,992] {processor.py:161} INFO - Processing /home/airflow/.local/lib/python3.7/site-packages/airflow/example_dags/plugins/workday.py took 0.026 seconds
[2023-09-05 08:38:48,142] {processor.py:153} INFO - Started process (PID=4673) to work on /home/airflow/.local/lib/python3.7/site-packages/airflow/example_dags/plugins/workday.py
[2023-09-05 08:38:48,143] {processor.py:641} INFO - Processing file /home/airflow/.local/lib/python3.7/site-packages/airflow/example_dags/plugins/workday.py for tasks to queue
[2023-09-05 08:38:48,144] {logging_mixin.py:115} INFO - [2023-09-05 08:38:48,144] {dagbag.py:507} INFO - Filling up the DagBag from /home/airflow/.local/lib/python3.7/site-packages/airflow/example_dags/plugins/workday.py
[2023-09-05 08:38:48,146] {processor.py:653} WARNING - No viable dags retrieved from /home/airflow/.local/lib/python3.7/site-packages/airflow/example_dags/plugins/workday.py
[2023-09-05 08:38:48,162] {processor.py:161} INFO - Processing /home/airflow/.local/lib/python3.7/site-packages/airflow/example_dags/plugins/workday.py took 0.023 seconds
[2023-09-05 08:39:18,265] {processor.py:153} INFO - Started process (PID=4736) to work on /home/airflow/.local/lib/python3.7/site-packages/airflow/example_dags/plugins/workday.py
[2023-09-05 08:39:18,266] {processor.py:641} INFO - Processing file /home/airflow/.local/lib/python3.7/site-packages/airflow/example_dags/plugins/workday.py for tasks to queue
[2023-09-05 08:39:18,267] {logging_mixin.py:115} INFO - [2023-09-05 08:39:18,267] {dagbag.py:507} INFO - Filling up the DagBag from /home/airflow/.local/lib/python3.7/site-packages/airflow/example_dags/plugins/workday.py
[2023-09-05 08:39:18,269] {processor.py:653} WARNING - No viable dags retrieved from /home/airflow/.local/lib/python3.7/site-packages/airflow/example_dags/plugins/workday.py
[2023-09-05 08:39:18,284] {processor.py:161} INFO - Processing /home/airflow/.local/lib/python3.7/site-packages/airflow/example_dags/plugins/workday.py took 0.021 seconds
[2023-09-05 08:39:48,515] {processor.py:153} INFO - Started process (PID=4798) to work on /home/airflow/.local/lib/python3.7/site-packages/airflow/example_dags/plugins/workday.py
[2023-09-05 08:39:48,516] {processor.py:641} INFO - Processing file /home/airflow/.local/lib/python3.7/site-packages/airflow/example_dags/plugins/workday.py for tasks to queue
[2023-09-05 08:39:48,517] {logging_mixin.py:115} INFO - [2023-09-05 08:39:48,517] {dagbag.py:507} INFO - Filling up the DagBag from /home/airflow/.local/lib/python3.7/site-packages/airflow/example_dags/plugins/workday.py
[2023-09-05 08:39:48,519] {processor.py:653} WARNING - No viable dags retrieved from /home/airflow/.local/lib/python3.7/site-packages/airflow/example_dags/plugins/workday.py
[2023-09-05 08:39:48,533] {processor.py:161} INFO - Processing /home/airflow/.local/lib/python3.7/site-packages/airflow/example_dags/plugins/workday.py took 0.021 seconds
[2023-09-05 08:40:18,711] {processor.py:153} INFO - Started process (PID=4861) to work on /home/airflow/.local/lib/python3.7/site-packages/airflow/example_dags/plugins/workday.py
[2023-09-05 08:40:18,712] {processor.py:641} INFO - Processing file /home/airflow/.local/lib/python3.7/site-packages/airflow/example_dags/plugins/workday.py for tasks to queue
[2023-09-05 08:40:18,713] {logging_mixin.py:115} INFO - [2023-09-05 08:40:18,713] {dagbag.py:507} INFO - Filling up the DagBag from /home/airflow/.local/lib/python3.7/site-packages/airflow/example_dags/plugins/workday.py
[2023-09-05 08:40:18,715] {processor.py:653} WARNING - No viable dags retrieved from /home/airflow/.local/lib/python3.7/site-packages/airflow/example_dags/plugins/workday.py
[2023-09-05 08:40:18,731] {processor.py:161} INFO - Processing /home/airflow/.local/lib/python3.7/site-packages/airflow/example_dags/plugins/workday.py took 0.023 seconds
[2023-09-05 08:40:49,072] {processor.py:153} INFO - Started process (PID=4923) to work on /home/airflow/.local/lib/python3.7/site-packages/airflow/example_dags/plugins/workday.py
[2023-09-05 08:40:49,074] {processor.py:641} INFO - Processing file /home/airflow/.local/lib/python3.7/site-packages/airflow/example_dags/plugins/workday.py for tasks to queue
[2023-09-05 08:40:49,075] {logging_mixin.py:115} INFO - [2023-09-05 08:40:49,075] {dagbag.py:507} INFO - Filling up the DagBag from /home/airflow/.local/lib/python3.7/site-packages/airflow/example_dags/plugins/workday.py
[2023-09-05 08:40:49,077] {processor.py:653} WARNING - No viable dags retrieved from /home/airflow/.local/lib/python3.7/site-packages/airflow/example_dags/plugins/workday.py
[2023-09-05 08:40:49,091] {processor.py:161} INFO - Processing /home/airflow/.local/lib/python3.7/site-packages/airflow/example_dags/plugins/workday.py took 0.022 seconds
[2023-09-05 08:41:20,001] {processor.py:153} INFO - Started process (PID=4976) to work on /home/airflow/.local/lib/python3.7/site-packages/airflow/example_dags/plugins/workday.py
[2023-09-05 08:41:20,003] {processor.py:641} INFO - Processing file /home/airflow/.local/lib/python3.7/site-packages/airflow/example_dags/plugins/workday.py for tasks to queue
[2023-09-05 08:41:20,003] {logging_mixin.py:115} INFO - [2023-09-05 08:41:20,003] {dagbag.py:507} INFO - Filling up the DagBag from /home/airflow/.local/lib/python3.7/site-packages/airflow/example_dags/plugins/workday.py
[2023-09-05 08:41:20,005] {processor.py:653} WARNING - No viable dags retrieved from /home/airflow/.local/lib/python3.7/site-packages/airflow/example_dags/plugins/workday.py
[2023-09-05 08:41:20,019] {processor.py:161} INFO - Processing /home/airflow/.local/lib/python3.7/site-packages/airflow/example_dags/plugins/workday.py took 0.021 seconds
[2023-09-05 08:41:51,147] {processor.py:153} INFO - Started process (PID=5039) to work on /home/airflow/.local/lib/python3.7/site-packages/airflow/example_dags/plugins/workday.py
[2023-09-05 08:41:51,149] {processor.py:641} INFO - Processing file /home/airflow/.local/lib/python3.7/site-packages/airflow/example_dags/plugins/workday.py for tasks to queue
[2023-09-05 08:41:51,149] {logging_mixin.py:115} INFO - [2023-09-05 08:41:51,149] {dagbag.py:507} INFO - Filling up the DagBag from /home/airflow/.local/lib/python3.7/site-packages/airflow/example_dags/plugins/workday.py
[2023-09-05 08:41:51,152] {processor.py:653} WARNING - No viable dags retrieved from /home/airflow/.local/lib/python3.7/site-packages/airflow/example_dags/plugins/workday.py
[2023-09-05 08:41:51,166] {processor.py:161} INFO - Processing /home/airflow/.local/lib/python3.7/site-packages/airflow/example_dags/plugins/workday.py took 0.021 seconds
[2023-09-05 08:42:21,230] {processor.py:153} INFO - Started process (PID=5102) to work on /home/airflow/.local/lib/python3.7/site-packages/airflow/example_dags/plugins/workday.py
[2023-09-05 08:42:21,232] {processor.py:641} INFO - Processing file /home/airflow/.local/lib/python3.7/site-packages/airflow/example_dags/plugins/workday.py for tasks to queue
[2023-09-05 08:42:21,232] {logging_mixin.py:115} INFO - [2023-09-05 08:42:21,232] {dagbag.py:507} INFO - Filling up the DagBag from /home/airflow/.local/lib/python3.7/site-packages/airflow/example_dags/plugins/workday.py
[2023-09-05 08:42:21,234] {processor.py:653} WARNING - No viable dags retrieved from /home/airflow/.local/lib/python3.7/site-packages/airflow/example_dags/plugins/workday.py
[2023-09-05 08:42:21,248] {processor.py:161} INFO - Processing /home/airflow/.local/lib/python3.7/site-packages/airflow/example_dags/plugins/workday.py took 0.021 seconds
[2023-09-05 08:42:52,195] {processor.py:153} INFO - Started process (PID=5165) to work on /home/airflow/.local/lib/python3.7/site-packages/airflow/example_dags/plugins/workday.py
[2023-09-05 08:42:52,196] {processor.py:641} INFO - Processing file /home/airflow/.local/lib/python3.7/site-packages/airflow/example_dags/plugins/workday.py for tasks to queue
[2023-09-05 08:42:52,197] {logging_mixin.py:115} INFO - [2023-09-05 08:42:52,197] {dagbag.py:507} INFO - Filling up the DagBag from /home/airflow/.local/lib/python3.7/site-packages/airflow/example_dags/plugins/workday.py
[2023-09-05 08:42:52,199] {processor.py:653} WARNING - No viable dags retrieved from /home/airflow/.local/lib/python3.7/site-packages/airflow/example_dags/plugins/workday.py
[2023-09-05 08:42:52,214] {processor.py:161} INFO - Processing /home/airflow/.local/lib/python3.7/site-packages/airflow/example_dags/plugins/workday.py took 0.021 seconds
[2023-09-05 08:43:23,054] {processor.py:153} INFO - Started process (PID=5228) to work on /home/airflow/.local/lib/python3.7/site-packages/airflow/example_dags/plugins/workday.py
[2023-09-05 08:43:23,055] {processor.py:641} INFO - Processing file /home/airflow/.local/lib/python3.7/site-packages/airflow/example_dags/plugins/workday.py for tasks to queue
[2023-09-05 08:43:23,056] {logging_mixin.py:115} INFO - [2023-09-05 08:43:23,056] {dagbag.py:507} INFO - Filling up the DagBag from /home/airflow/.local/lib/python3.7/site-packages/airflow/example_dags/plugins/workday.py
[2023-09-05 08:43:23,059] {processor.py:653} WARNING - No viable dags retrieved from /home/airflow/.local/lib/python3.7/site-packages/airflow/example_dags/plugins/workday.py
[2023-09-05 08:43:23,074] {processor.py:161} INFO - Processing /home/airflow/.local/lib/python3.7/site-packages/airflow/example_dags/plugins/workday.py took 0.022 seconds
[2023-09-05 08:43:54,153] {processor.py:153} INFO - Started process (PID=5291) to work on /home/airflow/.local/lib/python3.7/site-packages/airflow/example_dags/plugins/workday.py
[2023-09-05 08:43:54,154] {processor.py:641} INFO - Processing file /home/airflow/.local/lib/python3.7/site-packages/airflow/example_dags/plugins/workday.py for tasks to queue
[2023-09-05 08:43:54,155] {logging_mixin.py:115} INFO - [2023-09-05 08:43:54,155] {dagbag.py:507} INFO - Filling up the DagBag from /home/airflow/.local/lib/python3.7/site-packages/airflow/example_dags/plugins/workday.py
[2023-09-05 08:43:54,157] {processor.py:653} WARNING - No viable dags retrieved from /home/airflow/.local/lib/python3.7/site-packages/airflow/example_dags/plugins/workday.py
[2023-09-05 08:43:54,171] {processor.py:161} INFO - Processing /home/airflow/.local/lib/python3.7/site-packages/airflow/example_dags/plugins/workday.py took 0.021 seconds
[2023-09-05 08:44:24,279] {processor.py:153} INFO - Started process (PID=5345) to work on /home/airflow/.local/lib/python3.7/site-packages/airflow/example_dags/plugins/workday.py
[2023-09-05 08:44:24,280] {processor.py:641} INFO - Processing file /home/airflow/.local/lib/python3.7/site-packages/airflow/example_dags/plugins/workday.py for tasks to queue
[2023-09-05 08:44:24,280] {logging_mixin.py:115} INFO - [2023-09-05 08:44:24,280] {dagbag.py:507} INFO - Filling up the DagBag from /home/airflow/.local/lib/python3.7/site-packages/airflow/example_dags/plugins/workday.py
[2023-09-05 08:44:24,282] {processor.py:653} WARNING - No viable dags retrieved from /home/airflow/.local/lib/python3.7/site-packages/airflow/example_dags/plugins/workday.py
[2023-09-05 08:44:24,296] {processor.py:161} INFO - Processing /home/airflow/.local/lib/python3.7/site-packages/airflow/example_dags/plugins/workday.py took 0.020 seconds
[2023-09-05 08:44:55,248] {processor.py:153} INFO - Started process (PID=5408) to work on /home/airflow/.local/lib/python3.7/site-packages/airflow/example_dags/plugins/workday.py
[2023-09-05 08:44:55,249] {processor.py:641} INFO - Processing file /home/airflow/.local/lib/python3.7/site-packages/airflow/example_dags/plugins/workday.py for tasks to queue
[2023-09-05 08:44:55,250] {logging_mixin.py:115} INFO - [2023-09-05 08:44:55,250] {dagbag.py:507} INFO - Filling up the DagBag from /home/airflow/.local/lib/python3.7/site-packages/airflow/example_dags/plugins/workday.py
[2023-09-05 08:44:55,252] {processor.py:653} WARNING - No viable dags retrieved from /home/airflow/.local/lib/python3.7/site-packages/airflow/example_dags/plugins/workday.py
[2023-09-05 08:44:55,265] {processor.py:161} INFO - Processing /home/airflow/.local/lib/python3.7/site-packages/airflow/example_dags/plugins/workday.py took 0.020 seconds
[2023-09-05 08:45:26,004] {processor.py:153} INFO - Started process (PID=5470) to work on /home/airflow/.local/lib/python3.7/site-packages/airflow/example_dags/plugins/workday.py
[2023-09-05 08:45:26,004] {processor.py:641} INFO - Processing file /home/airflow/.local/lib/python3.7/site-packages/airflow/example_dags/plugins/workday.py for tasks to queue
[2023-09-05 08:45:26,005] {logging_mixin.py:115} INFO - [2023-09-05 08:45:26,005] {dagbag.py:507} INFO - Filling up the DagBag from /home/airflow/.local/lib/python3.7/site-packages/airflow/example_dags/plugins/workday.py
[2023-09-05 08:45:26,007] {processor.py:653} WARNING - No viable dags retrieved from /home/airflow/.local/lib/python3.7/site-packages/airflow/example_dags/plugins/workday.py
[2023-09-05 08:45:26,020] {processor.py:161} INFO - Processing /home/airflow/.local/lib/python3.7/site-packages/airflow/example_dags/plugins/workday.py took 0.019 seconds
